<?xml version="1.0" encoding="UTF-8" ?>
<testsuite failures="0" time="3.529" errors="0" skipped="0" tests="4" name="no.nki.springws.server.service.HelloServiceTest">
  <properties>
[...]
</properties>
  <testcase time="3.44" classname="no.nki.springws.server.service.HelloServiceTest" name="testSendText"/>
  <testcase time="0.003" classname="no.nki.springws.server.service.HelloServiceTest" name="testSendTextAdmin"/>
  <testcase time="0.002" classname="no.nki.springws.server.service.HelloServiceTest" name="testgetAdmin"/>
  <testcase time="0.003" classname="no.nki.springws.server.service.HelloServiceTest" name="testMakeBusinessException"/>
</testsuite>